<?xml version="1.0" encoding="UTF-8"?>
<robot generator="Robot 3.2.2 (Python 3.8.3 on win32)" generated="20210109 18:04:22.173" rpa="false">
<suite id="s1" name="Tests" source="C:\Users\lucas\Documents\TeasyStructure\tests">
<suite id="s1-s1" name="Flowtests.Tests" source="C:\Users\lucas\Documents\TeasyStructure\tests\flowtests.tests.robot">
<test id="s1-s1-t1" name="Calculo Soma Cinco Macro">
<kw name="Start Test" library="hooks.pages.commons" type="setup">
<kw name="Open Browser">
<arguments>
<arg>${URL_HOST}</arg>
<arg>${Browser}</arg>
</arguments>
<msg timestamp="20210109 18:04:22.312" level="FAIL">No keyword with name 'Open Browser' found.</msg>
<status status="FAIL" starttime="20210109 18:04:22.311" endtime="20210109 18:04:22.312"></status>
</kw>
<status status="FAIL" starttime="20210109 18:04:22.307" endtime="20210109 18:04:22.312"></status>
</kw>
<kw name="Finish Test" library="hooks.pages.commons" type="teardown">
<kw name="Capture Page Screenshot">
<msg timestamp="20210109 18:04:22.318" level="FAIL">No keyword with name 'Capture Page Screenshot' found.</msg>
<status status="FAIL" starttime="20210109 18:04:22.318" endtime="20210109 18:04:22.319"></status>
</kw>
<kw name="Close Browser">
<msg timestamp="20210109 18:04:22.325" level="FAIL">No keyword with name 'Close Browser' found.</msg>
<status status="FAIL" starttime="20210109 18:04:22.324" endtime="20210109 18:04:22.325"></status>
</kw>
<status status="FAIL" starttime="20210109 18:04:22.313" endtime="20210109 18:04:22.325">Several failures occurred:

1) No keyword with name 'Capture Page Screenshot' found.

2) No keyword with name 'Close Browser' found.</status>
</kw>
<status status="FAIL" starttime="20210109 18:04:22.304" endtime="20210109 18:04:22.343" critical="yes">Setup failed:
No keyword with name 'Open Browser' found.

Also teardown failed:
Several failures occurred:

1) No keyword with name 'Capture Page Screenshot' found.

2) No keyword with name 'Close Browser' found.</status>
</test>
<test id="s1-s1-t2" name="Calculo Soma Cinco Separado">
<kw name="Start Test" library="hooks.pages.commons" type="setup">
<kw name="Open Browser">
<arguments>
<arg>${URL_HOST}</arg>
<arg>${Browser}</arg>
</arguments>
<msg timestamp="20210109 18:04:22.352" level="FAIL">No keyword with name 'Open Browser' found.</msg>
<status status="FAIL" starttime="20210109 18:04:22.352" endtime="20210109 18:04:22.352"></status>
</kw>
<status status="FAIL" starttime="20210109 18:04:22.349" endtime="20210109 18:04:22.353"></status>
</kw>
<kw name="Finish Test" library="hooks.pages.commons" type="teardown">
<kw name="Capture Page Screenshot">
<msg timestamp="20210109 18:04:22.361" level="FAIL">No keyword with name 'Capture Page Screenshot' found.</msg>
<status status="FAIL" starttime="20210109 18:04:22.361" endtime="20210109 18:04:22.362"></status>
</kw>
<kw name="Close Browser">
<msg timestamp="20210109 18:04:22.367" level="FAIL">No keyword with name 'Close Browser' found.</msg>
<status status="FAIL" starttime="20210109 18:04:22.367" endtime="20210109 18:04:22.367"></status>
</kw>
<status status="FAIL" starttime="20210109 18:04:22.354" endtime="20210109 18:04:22.368">Several failures occurred:

1) No keyword with name 'Capture Page Screenshot' found.

2) No keyword with name 'Close Browser' found.</status>
</kw>
<status status="FAIL" starttime="20210109 18:04:22.348" endtime="20210109 18:04:22.374" critical="yes">Setup failed:
No keyword with name 'Open Browser' found.

Also teardown failed:
Several failures occurred:

1) No keyword with name 'Capture Page Screenshot' found.

2) No keyword with name 'Close Browser' found.</status>
</test>
<status status="FAIL" starttime="20210109 18:04:22.245" endtime="20210109 18:04:22.383"></status>
</suite>
<status status="FAIL" starttime="20210109 18:04:22.184" endtime="20210109 18:04:22.386"></status>
</suite>
<statistics>
<total>
<stat pass="0" fail="2">Critical Tests</stat>
<stat pass="0" fail="2">All Tests</stat>
</total>
<tag>
</tag>
<suite>
<stat pass="0" fail="2" id="s1" name="Tests">Tests</stat>
<stat pass="0" fail="2" id="s1-s1" name="Flowtests.Tests">Tests.Flowtests.Tests</stat>
</suite>
</statistics>
<errors>
<msg timestamp="20210109 18:04:22.272" level="ERROR">Error in file 'C:\Users\lucas\Documents\TeasyStructure\pages\commons\hooks.pages.commons.robot' on line 3: Resource file '..\..\config\congig.robot' does not exist.</msg>
</errors>
</robot>
